<?xml version="1.0" encoding="UTF-8"?>
<testsuite xmlns:xsi="http://www.w3.org/2001/XMLSchema-instance" xsi:noNamespaceSchemaLocation="https://maven.apache.org/surefire/maven-surefire-plugin/xsd/surefire-test-report-3.0.xsd" version="3.0" name="org.exemple.demo.AppTest" time="0.038" tests="1" errors="0" skipped="0" failures="0">
  <properties>
    <property name="java.specification.version" value="17"/>
    <property name="sun.jnu.encoding" value="UTF-8"/>
    <property name="java.class.path" value="/home/ayaya/Documents/projects/mon-appli/target/test-classes:/home/ayaya/Documents/projects/mon-appli/target/classes:/home/ayaya/.m2/repository/org/apache/struts/struts2-core/6.1.2.1/struts2-core-6.1.2.1.jar:/home/ayaya/.m2/repository/org/freemarker/freemarker/2.3.31/freemarker-2.3.31.jar:/home/ayaya/.m2/repository/ognl/ognl/3.3.4/ognl-3.3.4.jar:/home/ayaya/.m2/repository/org/javassist/javassist/3.29.0-GA/javassist-3.29.0-GA.jar:/home/ayaya/.m2/repository/org/apache/logging/log4j/log4j-api/2.19.0/log4j-api-2.19.0.jar:/home/ayaya/.m2/repository/commons-fileupload/commons-fileupload/1.5/commons-fileupload-1.5.jar:/home/ayaya/.m2/repository/commons-io/commons-io/2.9.0/commons-io-2.9.0.jar:/home/ayaya/.m2/repository/org/apache/commons/commons-lang3/3.10/commons-lang3-3.10.jar:/home/ayaya/.m2/repository/org/apache/commons/commons-text/1.10.0/commons-text-1.10.0.jar:/home/ayaya/.m2/repository/org/apache/struts/struts2-json-plugin/6.1.2.1/struts2-json-plugin-6.1.2.1.jar:/home/ayaya/.m2/repository/junit/junit/3.8.1/junit-3.8.1.jar:"/>
    <property name="java.vm.vendor" value="Red Hat, Inc."/>
    <property name="sun.arch.data.model" value="64"/>
    <property name="java.vendor.url" value="https://www.redhat.com/"/>
    <property name="os.name" value="Linux"/>
    <property name="java.vm.specification.version" value="17"/>
    <property name="sun.java.launcher" value="SUN_STANDARD"/>
    <property name="user.country" value="US"/>
    <property name="sun.boot.library.path" value="/usr/lib/jvm/java-17-openjdk-17.0.7.0.7-5.fc38.x86_64/lib"/>
    <property name="sun.java.command" value="/home/ayaya/Documents/projects/mon-appli/target/surefire/surefirebooter-20230709105514056_3.jar /home/ayaya/Documents/projects/mon-appli/target/surefire 2023-07-09T10-55-13_887-jvmRun1 surefire-20230709105514056_1tmp surefire_0-20230709105514056_2tmp"/>
    <property name="jdk.debug" value="release"/>
    <property name="surefire.test.class.path" value="/home/ayaya/Documents/projects/mon-appli/target/test-classes:/home/ayaya/Documents/projects/mon-appli/target/classes:/home/ayaya/.m2/repository/org/apache/struts/struts2-core/6.1.2.1/struts2-core-6.1.2.1.jar:/home/ayaya/.m2/repository/org/freemarker/freemarker/2.3.31/freemarker-2.3.31.jar:/home/ayaya/.m2/repository/ognl/ognl/3.3.4/ognl-3.3.4.jar:/home/ayaya/.m2/repository/org/javassist/javassist/3.29.0-GA/javassist-3.29.0-GA.jar:/home/ayaya/.m2/repository/org/apache/logging/log4j/log4j-api/2.19.0/log4j-api-2.19.0.jar:/home/ayaya/.m2/repository/commons-fileupload/commons-fileupload/1.5/commons-fileupload-1.5.jar:/home/ayaya/.m2/repository/commons-io/commons-io/2.9.0/commons-io-2.9.0.jar:/home/ayaya/.m2/repository/org/apache/commons/commons-lang3/3.10/commons-lang3-3.10.jar:/home/ayaya/.m2/repository/org/apache/commons/commons-text/1.10.0/commons-text-1.10.0.jar:/home/ayaya/.m2/repository/org/apache/struts/struts2-json-plugin/6.1.2.1/struts2-json-plugin-6.1.2.1.jar:/home/ayaya/.m2/repository/junit/junit/3.8.1/junit-3.8.1.jar:"/>
    <property name="sun.cpu.endian" value="little"/>
    <property name="user.home" value="/home/ayaya"/>
    <property name="user.language" value="en"/>
    <property name="java.specification.vendor" value="Oracle Corporation"/>
    <property name="java.version.date" value="2023-04-18"/>
    <property name="java.home" value="/usr/lib/jvm/java-17-openjdk-17.0.7.0.7-5.fc38.x86_64"/>
    <property name="file.separator" value="/"/>
    <property name="basedir" value="/home/ayaya/Documents/projects/mon-appli"/>
    <property name="java.vm.compressedOopsMode" value="32-bit"/>
    <property name="line.separator" value="&#10;"/>
    <property name="java.vm.specification.vendor" value="Oracle Corporation"/>
    <property name="java.specification.name" value="Java Platform API Specification"/>
    <property name="surefire.real.class.path" value="/home/ayaya/Documents/projects/mon-appli/target/surefire/surefirebooter-20230709105514056_3.jar"/>
    <property name="sun.management.compiler" value="HotSpot 64-Bit Tiered Compilers"/>
    <property name="java.runtime.version" value="17.0.7+7"/>
    <property name="user.name" value="ayaya"/>
    <property name="path.separator" value=":"/>
    <property name="os.version" value="6.3.8-200.fc38.x86_64"/>
    <property name="java.runtime.name" value="OpenJDK Runtime Environment"/>
    <property name="file.encoding" value="UTF-8"/>
    <property name="java.vm.name" value="OpenJDK 64-Bit Server VM"/>
    <property name="java.vendor.version" value="(Red_Hat-17.0.7.0.7-4.fc38)"/>
    <property name="localRepository" value="/home/ayaya/.m2/repository"/>
    <property name="java.vendor.url.bug" value="https://bugzilla.redhat.com/enter_bug.cgi?product=Fedora&amp;component=java-17-openjdk-portable&amp;version=38"/>
    <property name="java.io.tmpdir" value="/tmp"/>
    <property name="java.version" value="17.0.7"/>
    <property name="user.dir" value="/home/ayaya/Documents/projects/mon-appli"/>
    <property name="os.arch" value="amd64"/>
    <property name="java.vm.specification.name" value="Java Virtual Machine Specification"/>
    <property name="native.encoding" value="UTF-8"/>
    <property name="java.library.path" value="/usr/java/packages/lib:/usr/lib64:/lib64:/lib:/usr/lib"/>
    <property name="java.vm.info" value="mixed mode, sharing"/>
    <property name="java.vendor" value="Red Hat, Inc."/>
    <property name="java.vm.version" value="17.0.7+7"/>
    <property name="sun.io.unicode.encoding" value="UnicodeLittle"/>
    <property name="java.class.version" value="61.0"/>
  </properties>
  <testcase name="testApp" classname="org.exemple.demo.AppTest" time="0.004"/>
</testsuite>